current directory: /Users/desti/Documents/workspace/.bundle/ruby/3.3.0/gems/io-console-0.7.2/ext/io/console
/Users/desti/.rbenv/versions/3.3.0/bin/ruby extconf.rb
checking for rb_io_path()... yes
checking for rb_io_descriptor()... yes
checking for rb_io_get_write_io()... yes
checking for rb_io_closed_p()... yes
checking for rb_io_open_descriptor()... yes
checking for termios.h... yes
checking for cfmakeraw() in termios.h... yes
checking for sys/ioctl.h... yes
checking for HAVE_RUBY_FIBER_SCHEDULER_H... yes
creating Makefile

current directory: /Users/desti/Documents/workspace/.bundle/ruby/3.3.0/gems/io-console-0.7.2/ext/io/console
make DESTDIR\= sitearchdir\=./.gem.20240226-22807-naep0m sitelibdir\=./.gem.20240226-22807-naep0m clean

current directory: /Users/desti/Documents/workspace/.bundle/ruby/3.3.0/gems/io-console-0.7.2/ext/io/console
make DESTDIR\= sitearchdir\=./.gem.20240226-22807-naep0m sitelibdir\=./.gem.20240226-22807-naep0m
compiling console.c
linking shared-object io/console.bundle

current directory: /Users/desti/Documents/workspace/.bundle/ruby/3.3.0/gems/io-console-0.7.2/ext/io/console
make DESTDIR\= sitearchdir\=./.gem.20240226-22807-naep0m sitelibdir\=./.gem.20240226-22807-naep0m install
/usr/bin/install -c -m 0755 console.bundle ./.gem.20240226-22807-naep0m/io

current directory: /Users/desti/Documents/workspace/.bundle/ruby/3.3.0/gems/io-console-0.7.2/ext/io/console
make DESTDIR\= sitearchdir\=./.gem.20240226-22807-naep0m sitelibdir\=./.gem.20240226-22807-naep0m clean
